<?xml version="1.0" encoding="UTF-8"?>
<!-- Generated by org.testng.reporters.JUnitXMLReporter -->
<testsuite ignored="0" hostname="VLz" failures="0" tests="3" name="App Test" time="0.036" errors="0" timestamp="2025-07-15T19:31:39 WIB">
  <testcase classname="com.juaracoding.btestng.SignInTest" name="signinTest" time="0.008"/>
  <testcase classname="com.juaracoding.btestng.SignInTest" name="dashboardTest" time="0.002"/>
  <testcase classname="com.juaracoding.btestng.SignInTest" name="profileTest" time="0.0"/>
</testsuite> <!-- App Test -->
