<?xml version="1.0" encoding="UTF-8"?>
<!-- Generated by org.testng.reporters.JUnitXMLReporter -->
<testsuite ignored="0" hostname="VLz" failures="0" tests="3" name="App Test" time="0.042" errors="0" timestamp="2025-07-14T21:38:34 WIB">
  <testcase classname="com.juaracoding.btestng.CalculatorTest" name="addTest" time="0.003"/>
  <testcase classname="com.juaracoding.btestng.CalculatorTest" name="substractTest" time="0.0"/>
  <testcase classname="com.juaracoding.btestng.SignInTest" name="tc003" time="0.0"/>
</testsuite> <!-- App Test -->
