<?xml version="1.0" encoding="UTF-8"?>
<testng-results ignored="1" total="2" passed="1" failed="0" skipped="0">
  <reporter-output>
  </reporter-output>
  <suite started-at="2025-07-15T21:07:13 WIB" name="Belajar TestNG Suite" finished-at="2025-07-15T21:07:13 WIB" duration-ms="59">
    <groups>
      <group name="high">
        <method signature="AuthenticationTest.signinTest(java.lang.String,java.lang.String)[pri:0, instance:com.juaracoding.btestng.AuthenticationTest@12e61fe6]" name="signinTest" class="com.juaracoding.btestng.AuthenticationTest"/>
      </group> <!-- high -->
      <group name="auth">
        <method signature="AuthenticationTest.signinTest(java.lang.String,java.lang.String)[pri:0, instance:com.juaracoding.btestng.AuthenticationTest@12e61fe6]" name="signinTest" class="com.juaracoding.btestng.AuthenticationTest"/>
      </group> <!-- auth -->
      <group name="regression">
        <method signature="AuthenticationTest.signinTest(java.lang.String,java.lang.String)[pri:0, instance:com.juaracoding.btestng.AuthenticationTest@12e61fe6]" name="signinTest" class="com.juaracoding.btestng.AuthenticationTest"/>
      </group> <!-- regression -->
    </groups>
    <test started-at="2025-07-15T21:07:13 WIB" name="App Test" finished-at="2025-07-15T21:07:13 WIB" duration-ms="59">
      <class name="com.juaracoding.btestng.AuthenticationTest">
        <test-method is-config="true" signature="setup()[pri:0, instance:com.juaracoding.btestng.AuthenticationTest@12e61fe6]" started-at="2025-07-15T21:07:13 WIB" name="setup" finished-at="2025-07-15T21:07:13 WIB" duration-ms="12" status="PASS">
          <reporter-output>
          </reporter-output>
        </test-method> <!-- setup -->
        <test-method signature="signinTest(java.lang.String,java.lang.String)[pri:0, instance:com.juaracoding.btestng.AuthenticationTest@12e61fe6]" started-at="2025-07-15T21:07:13 WIB" name="signinTest" finished-at="2025-07-15T21:07:13 WIB" duration-ms="8" status="PASS">
          <params>
            <param index="0">
              <value>
                <![CDATA[jhondoe]]>
              </value>
            </param>
            <param index="1">
              <value>
                <![CDATA[123qwerty]]>
              </value>
            </param>
          </params>
          <reporter-output>
          </reporter-output>
        </test-method> <!-- signinTest -->
      </class> <!-- com.juaracoding.btestng.AuthenticationTest -->
    </test> <!-- App Test -->
  </suite> <!-- Belajar TestNG Suite -->
</testng-results>
