<?xml version="1.0" encoding="UTF-8"?>
<testng-results ignored="0" total="3" passed="3" failed="0" skipped="0">
  <reporter-output>
  </reporter-output>
  <suite started-at="2025-07-15T19:31:39 WIB" name="Belajar TestNG Suite" finished-at="2025-07-15T19:31:39 WIB" duration-ms="36">
    <groups>
    </groups>
    <test started-at="2025-07-15T19:31:39 WIB" name="App Test" finished-at="2025-07-15T19:31:39 WIB" duration-ms="36">
      <class name="com.juaracoding.btestng.SignInTest">
        <test-method signature="signinTest()[pri:1, instance:com.juaracoding.btestng.SignInTest@646be2c3]" started-at="2025-07-15T19:31:39 WIB" name="signinTest" finished-at="2025-07-15T19:31:39 WIB" duration-ms="8" status="PASS">
          <reporter-output>
          </reporter-output>
        </test-method> <!-- signinTest -->
        <test-method signature="dashboardTest()[pri:2, instance:com.juaracoding.btestng.SignInTest@646be2c3]" started-at="2025-07-15T19:31:39 WIB" name="dashboardTest" finished-at="2025-07-15T19:31:39 WIB" duration-ms="2" status="PASS">
          <reporter-output>
          </reporter-output>
        </test-method> <!-- dashboardTest -->
        <test-method signature="profileTest()[pri:3, instance:com.juaracoding.btestng.SignInTest@646be2c3]" started-at="2025-07-15T19:31:39 WIB" name="profileTest" finished-at="2025-07-15T19:31:39 WIB" duration-ms="0" status="PASS">
          <reporter-output>
          </reporter-output>
        </test-method> <!-- profileTest -->
      </class> <!-- com.juaracoding.btestng.SignInTest -->
    </test> <!-- App Test -->
  </suite> <!-- Belajar TestNG Suite -->
</testng-results>
